<!--
  ~ Copyright (C) 2003-2009 eXo Platform SAS.
  ~
  ~ This is free software; you can redistribute it and/or modify it
  ~ under the terms of the GNU Lesser General Public License as
  ~ published by the Free Software Foundation; either version 2.1 of
  ~ the License, or (at your option) any later version.
  ~
  ~ This software is distributed in the hope that it will be useful,
  ~ but WITHOUT ANY WARRANTY; without even the implied warranty of
  ~ MERCHANTABILITY or FITNESS FOR A PARTICULAR PURPOSE. See the GNU
  ~ Lesser General Public License for more details.
  ~
  ~ You should have received a copy of the GNU Lesser General Public
  ~ License along with this software; if not, write to the Free
  ~ Software Foundation, Inc., 51 Franklin St, Fifth Floor, Boston, MA
  ~ 02110-1301 USA, or see the FSF site: http://www.fsf.org.
  -->

<nodeTypes xmlns:nt="http://www.jcp.org/jcr/nt/1.0" xmlns:mix="http://www.jcp.org/jcr/mix/1.0" xmlns:jcr="http://www.jcp.org/jcr/1.0">

  <nodeType name="exo:uicomponent" isMixin="false" hasOrderableChildNodes="false" primaryItemName="">
    <supertypes>
      <supertype>nt:base</supertype>
      <supertype>mix:referenceable</supertype>
    </supertypes>
  </nodeType>

  <nodeType name="exo:uicontainer" isMixin="false" hasOrderableChildNodes="false" primaryItemName="">
    <supertypes>
      <supertype>exo:uicomponent</supertype>
    </supertypes>
    <childNodeDefinitions>
      <childNodeDefinition name="*" defaultPrimaryType="" autoCreated="false" mandatory="false"
        onParentVersion="COPY" protected="false" sameNameSiblings="false">
        <requiredPrimaryTypes>
          <requiredPrimaryType>exo:uicomponent</requiredPrimaryType>
        </requiredPrimaryTypes>
      </childNodeDefinition>
    </childNodeDefinitions>
  </nodeType>

  <nodeType name="exo:uiwindow" isMixin="false" hasOrderableChildNodes="false" primaryItemName="">
    <supertypes>
      <supertype>exo:uicomponent</supertype>
    </supertypes>
  </nodeType>

  <nodeType name="exo:uiinsertion" isMixin="false" hasOrderableChildNodes="false" primaryItemName="">
    <supertypes>
      <supertype>exo:uicomponent</supertype>
    </supertypes>
  </nodeType>

  <nodeType name="exo:templatized" isMixin="true" hasOrderableChildNodes="false" primaryItemName="">
    <propertyDefinitions>
      <propertyDefinition name="template" requiredType="Reference" autoCreated="false" mandatory="false" onParentVersion="COPY" protected="false" multiple="false">
        <valueConstraints/>
      </propertyDefinition>
    </propertyDefinitions>
  </nodeType>

  <nodeType name="exo:navigation" isMixin="false" hasOrderableChildNodes="false" primaryItemName="">
    <supertypes>
      <supertype>nt:base</supertype>
      <supertype>mix:referenceable</supertype>
    </supertypes>
    <childNodeDefinitions>
      <childNodeDefinition name="target" defaultPrimaryType="" autoCreated="false" mandatory="false"
        onParentVersion="COPY" protected="false" sameNameSiblings="false">
        <requiredPrimaryTypes>
          <requiredPrimaryType>exo:navigationtarget</requiredPrimaryType>
        </requiredPrimaryTypes>
      </childNodeDefinition>
      <childNodeDefinition name="*" defaultPrimaryType="exo:navigation" autoCreated="false" mandatory="false"
        onParentVersion="COPY" protected="false" sameNameSiblings="false">
        <requiredPrimaryTypes>
          <requiredPrimaryType>exo:navigation</requiredPrimaryType>
        </requiredPrimaryTypes>
      </childNodeDefinition>
    </childNodeDefinitions>
  </nodeType>

  <nodeType name="exo:navigationtarget" isMixin="false" hasOrderableChildNodes="false" primaryItemName="">
    <supertypes>
      <supertype>nt:base</supertype>
      <supertype>mix:referenceable</supertype>
    </supertypes>
  </nodeType>

  <nodeType name="exo:pagenavigationtarget" isMixin="false" hasOrderableChildNodes="false" primaryItemName="">
    <supertypes>
      <supertype>exo:navigationtarget</supertype>
    </supertypes>
    <propertyDefinitions>
      <propertyDefinition name="page" requiredType="Reference" autoCreated="false" mandatory="false" onParentVersion="COPY" protected="false" multiple="false">
        <valueConstraints/>
      </propertyDefinition>
    </propertyDefinitions>
  </nodeType>

  <nodeType name="exo:urlnavigationtarget" isMixin="false" hasOrderableChildNodes="false" primaryItemName="">
    <supertypes>
      <supertype>exo:navigationtarget</supertype>
    </supertypes>
    <propertyDefinitions>
      <propertyDefinition name="url" requiredType="String" autoCreated="false" mandatory="true" onParentVersion="COPY" protected="false" multiple="false">
        <valueConstraints/>
      </propertyDefinition>
    </propertyDefinitions>
  </nodeType>

  <nodeType name="exo:page" isMixin="false" hasOrderableChildNodes="false" primaryItemName="">
    <supertypes>
      <supertype>nt:base</supertype>
      <supertype>mix:referenceable</supertype>
      <supertype>exo:templatized</supertype>
    </supertypes>
    <childNodeDefinitions>
      <childNodeDefinition name="*" defaultPrimaryType="exo:page" autoCreated="false" mandatory="false"
        onParentVersion="COPY" protected="false" sameNameSiblings="false">
        <requiredPrimaryTypes>
          <requiredPrimaryType>exo:page</requiredPrimaryType>
        </requiredPrimaryTypes>
      </childNodeDefinition>
      <childNodeDefinition name="container" defaultPrimaryType="exo:uicontainer" autoCreated="true" mandatory="true"
        onParentVersion="COPY" protected="false" sameNameSiblings="false">
        <requiredPrimaryTypes>
          <requiredPrimaryType>exo:uicontainer</requiredPrimaryType>
        </requiredPrimaryTypes>
      </childNodeDefinition>
    </childNodeDefinitions>
  </nodeType>

  <nodeType name="exo:site" isMixin="false" hasOrderableChildNodes="false" primaryItemName="">
    <supertypes>
      <supertype>nt:base</supertype>
      <supertype>mix:referenceable</supertype>
    </supertypes>
    <childNodeDefinitions>
      <childNodeDefinition name="root" defaultPrimaryType="exo:page" autoCreated="true" mandatory="true"
        onParentVersion="COPY" protected="false" sameNameSiblings="false">
        <requiredPrimaryTypes>
          <requiredPrimaryType>exo:page</requiredPrimaryType>
        </requiredPrimaryTypes>
      </childNodeDefinition>
      <childNodeDefinition name="navigation" defaultPrimaryType="exo:navigation" autoCreated="true" mandatory="true"
        onParentVersion="COPY" protected="false" sameNameSiblings="false">
        <requiredPrimaryTypes>
          <requiredPrimaryType>exo:navigation</requiredPrimaryType>
        </requiredPrimaryTypes>
      </childNodeDefinition>
    </childNodeDefinitions>
  </nodeType>

  <nodeType name="exo:portal" isMixin="false" hasOrderableChildNodes="false" primaryItemName="">
    <supertypes>
      <supertype>exo:site</supertype>
      <supertype>exo:templatized</supertype>
      <supertype>exo:templatized</supertype>
    </supertypes>
  </nodeType>

  <nodeType name="exo:group" isMixin="false" hasOrderableChildNodes="false" primaryItemName="">
    <supertypes>
      <supertype>exo:site</supertype>
    </supertypes>
  </nodeType>

  <nodeType name="exo:user" isMixin="false" hasOrderableChildNodes="false" primaryItemName="">
    <supertypes>
      <supertype>exo:site</supertype>
    </supertypes>
  </nodeType>

  <nodeType name="exo:portals" isMixin="false" hasOrderableChildNodes="false" primaryItemName="">
    <supertypes>
      <supertype>nt:base</supertype>
      <supertype>mix:referenceable</supertype>
    </supertypes>
    <childNodeDefinitions>
      <childNodeDefinition name="*" defaultPrimaryType="exo:portal" autoCreated="false" mandatory="false"
        onParentVersion="COPY" protected="false" sameNameSiblings="false">
        <requiredPrimaryTypes>
          <requiredPrimaryType>exo:portal</requiredPrimaryType>
        </requiredPrimaryTypes>
      </childNodeDefinition>
    </childNodeDefinitions>
  </nodeType>

  <nodeType name="exo:groups" isMixin="false" hasOrderableChildNodes="false" primaryItemName="">
    <supertypes>
      <supertype>nt:base</supertype>
      <supertype>mix:referenceable</supertype>
    </supertypes>
    <childNodeDefinitions>
      <childNodeDefinition name="*" defaultPrimaryType="exo:group" autoCreated="false" mandatory="false"
        onParentVersion="COPY" protected="false" sameNameSiblings="false">
        <requiredPrimaryTypes>
          <requiredPrimaryType>exo:group</requiredPrimaryType>
        </requiredPrimaryTypes>
      </childNodeDefinition>
    </childNodeDefinitions>
  </nodeType>

  <nodeType name="exo:users" isMixin="false" hasOrderableChildNodes="false" primaryItemName="">
    <supertypes>
      <supertype>nt:base</supertype>
      <supertype>mix:referenceable</supertype>
    </supertypes>
    <childNodeDefinitions>
      <childNodeDefinition name="*" defaultPrimaryType="exo:user" autoCreated="false" mandatory="false"
        onParentVersion="COPY" protected="false" sameNameSiblings="false">
        <requiredPrimaryTypes>
          <requiredPrimaryType>exo:user</requiredPrimaryType>
        </requiredPrimaryTypes>
      </childNodeDefinition>
    </childNodeDefinitions>
  </nodeType>

  <nodeType name="exo:workspace" isMixin="false" hasOrderableChildNodes="false" primaryItemName="">
    <supertypes>
      <supertype>nt:base</supertype>
      <supertype>mix:referenceable</supertype>
    </supertypes>
    <childNodeDefinitions>
      <childNodeDefinition name="portals" defaultPrimaryType="exo:portals" autoCreated="true" mandatory="true"
        onParentVersion="COPY" protected="false" sameNameSiblings="false">
        <requiredPrimaryTypes>
          <requiredPrimaryType>exo:portal</requiredPrimaryType>
        </requiredPrimaryTypes>
      </childNodeDefinition>
      <childNodeDefinition name="groups" defaultPrimaryType="exo:groups" autoCreated="true" mandatory="true"
        onParentVersion="COPY" protected="false" sameNameSiblings="false">
        <requiredPrimaryTypes>
          <requiredPrimaryType>exo:groups</requiredPrimaryType>
        </requiredPrimaryTypes>
      </childNodeDefinition>
      <childNodeDefinition name="users" defaultPrimaryType="exo:users" autoCreated="true" mandatory="true"
        onParentVersion="COPY" protected="false" sameNameSiblings="false">
        <requiredPrimaryTypes>
          <requiredPrimaryType>exo:users</requiredPrimaryType>
        </requiredPrimaryTypes>
      </childNodeDefinition>
    </childNodeDefinitions>
  </nodeType>



  <nodeType name="tck_a" isMixin="false" hasOrderableChildNodes="false" primaryItemName="">
    <supertypes>
      <supertype>nt:base</supertype>
      <supertype>mix:referenceable</supertype>
    </supertypes>
  </nodeType>

  <nodeType name="tf_a" isMixin="false" hasOrderableChildNodes="false" primaryItemName="">
    <supertypes>
      <supertype>nt:base</supertype>
      <supertype>mix:referenceable</supertype>
    </supertypes>
  </nodeType>

  <nodeType name="tf_b" isMixin="false" hasOrderableChildNodes="false" primaryItemName="">
    <supertypes>
      <supertype>nt:base</supertype>
      <supertype>mix:referenceable</supertype>
    </supertypes>
  </nodeType>

  <nodeType name="tlf_a" isMixin="false" hasOrderableChildNodes="false" primaryItemName="">
    <supertypes>
      <supertype>nt:base</supertype>
      <supertype>mix:referenceable</supertype>
    </supertypes>
    <childNodeDefinitions>
      <childNodeDefinition name="*" defaultPrimaryType="tlf_a" autoCreated="false" mandatory="false"
        onParentVersion="COPY" protected="false" sameNameSiblings="false">
        <requiredPrimaryTypes>
          <requiredPrimaryType>tlf_a</requiredPrimaryType>
        </requiredPrimaryTypes>
      </childNodeDefinition>
    </childNodeDefinitions>
  </nodeType>

  <nodeType name="toto_a" isMixin="false" hasOrderableChildNodes="false" primaryItemName="">
    <supertypes>
      <supertype>nt:base</supertype>
      <supertype>mix:referenceable</supertype>
    </supertypes>
    <childNodeDefinitions>
      <childNodeDefinition name="*" defaultPrimaryType="toto_b" autoCreated="false" mandatory="false"
        onParentVersion="COPY" protected="false" sameNameSiblings="false">
        <requiredPrimaryTypes>
          <requiredPrimaryType>toto_b</requiredPrimaryType>
        </requiredPrimaryTypes>
      </childNodeDefinition>
    </childNodeDefinitions>
  </nodeType>

  <nodeType name="toto_b" isMixin="false" hasOrderableChildNodes="false" primaryItemName="">
    <supertypes>
      <supertype>nt:base</supertype>
      <supertype>mix:referenceable</supertype>
    </supertypes>
  </nodeType>

  <nodeType name="totm_a" isMixin="false" hasOrderableChildNodes="true" primaryItemName="">
    <supertypes>
      <supertype>nt:base</supertype>
      <supertype>mix:referenceable</supertype>
    </supertypes>
    <childNodeDefinitions>
      <childNodeDefinition name="*" defaultPrimaryType="totm_b" autoCreated="false" mandatory="false"
        onParentVersion="COPY" protected="false" sameNameSiblings="false">
        <requiredPrimaryTypes>
          <requiredPrimaryType>totm_b</requiredPrimaryType>
        </requiredPrimaryTypes>
      </childNodeDefinition>
    </childNodeDefinitions>
  </nodeType>

  <nodeType name="totm_b" isMixin="false" hasOrderableChildNodes="false" primaryItemName="">
    <supertypes>
      <supertype>nt:base</supertype>
      <supertype>mix:referenceable</supertype>
    </supertypes>
  </nodeType>

  <nodeType name="tna_a" isMixin="false" hasOrderableChildNodes="false" primaryItemName="">
    <supertypes>
      <supertype>nt:base</supertype>
      <supertype>mix:referenceable</supertype>
    </supertypes>
  </nodeType>

  <nodeType name="parents_a" isMixin="false" hasOrderableChildNodes="false" primaryItemName="">
    <supertypes>
      <supertype>nt:base</supertype>
      <supertype>mix:referenceable</supertype>
    </supertypes>
    <childNodeDefinitions>
      <childNodeDefinition name="*" defaultPrimaryType="parents_b" autoCreated="false" mandatory="false"
        onParentVersion="COPY" protected="false" sameNameSiblings="false">
        <requiredPrimaryTypes>
          <requiredPrimaryType>parents_b</requiredPrimaryType>
        </requiredPrimaryTypes>
      </childNodeDefinition>
    </childNodeDefinitions>
  </nodeType>

  <nodeType name="parents_b" isMixin="false" hasOrderableChildNodes="false" primaryItemName="">
    <supertypes>
      <supertype>nt:base</supertype>
      <supertype>mix:referenceable</supertype>
    </supertypes>
    <childNodeDefinitions>
      <childNodeDefinition name="*" defaultPrimaryType="parents_b" autoCreated="false" mandatory="false"
        onParentVersion="COPY" protected="false" sameNameSiblings="false">
        <requiredPrimaryTypes>
          <requiredPrimaryType>parents_b</requiredPrimaryType>
        </requiredPrimaryTypes>
      </childNodeDefinition>
    </childNodeDefinitions>
  </nodeType>

  <nodeType name="multichildren_a" isMixin="false" hasOrderableChildNodes="false" primaryItemName="">
    <supertypes>
      <supertype>nt:base</supertype>
      <supertype>mix:referenceable</supertype>
    </supertypes>
    <childNodeDefinitions>
      <childNodeDefinition name="*" defaultPrimaryType="multichildren_b" autoCreated="false" mandatory="false"
        onParentVersion="COPY" protected="false" sameNameSiblings="false">
        <requiredPrimaryTypes>
          <requiredPrimaryType>multichildren_b</requiredPrimaryType>
        </requiredPrimaryTypes>
      </childNodeDefinition>
    </childNodeDefinitions>
  </nodeType>

  <nodeType name="multichildren_b" isMixin="false" hasOrderableChildNodes="false" primaryItemName="">
    <supertypes>
      <supertype>nt:base</supertype>
      <supertype>mix:referenceable</supertype>
    </supertypes>
  </nodeType>

  <nodeType name="multichildren_c" isMixin="false" hasOrderableChildNodes="false" primaryItemName="">
    <supertypes>
      <supertype>multichildren_b</supertype>
    </supertypes>
  </nodeType>

  <nodeType name="multichildren_d" isMixin="false" hasOrderableChildNodes="false" primaryItemName="">
    <supertypes>
      <supertype>multichildren_b</supertype>
    </supertypes>
  </nodeType>

  <nodeType name="tp_a" isMixin="false" hasOrderableChildNodes="false" primaryItemName="">
    <supertypes>
      <supertype>nt:base</supertype>
      <supertype>mix:referenceable</supertype>
    </supertypes>
    <propertyDefinitions>
      <propertyDefinition name="string_property" requiredType="String" autoCreated="false" mandatory="false" onParentVersion="COPY" protected="false" multiple="false">
        <valueConstraints/>
      </propertyDefinition>
      <propertyDefinition name="path_property" requiredType="Path" autoCreated="false" mandatory="false" onParentVersion="COPY" protected="false" multiple="false">
        <valueConstraints/>
      </propertyDefinition>
      <propertyDefinition name="primitive_int_property" requiredType="Long" autoCreated="false" mandatory="false" onParentVersion="COPY" protected="false" multiple="false">
        <valueConstraints/>
      </propertyDefinition>
      <propertyDefinition name="int_property" requiredType="Long" autoCreated="false" mandatory="false" onParentVersion="COPY" protected="false" multiple="false">
        <valueConstraints/>
      </propertyDefinition>
      <propertyDefinition name="primitive_long_property" requiredType="Long" autoCreated="false" mandatory="false" onParentVersion="COPY" protected="false" multiple="false">
        <valueConstraints/>
      </propertyDefinition>
      <propertyDefinition name="long_property" requiredType="Long" autoCreated="false" mandatory="false" onParentVersion="COPY" protected="false" multiple="false">
        <valueConstraints/>
      </propertyDefinition>
      <propertyDefinition name="primitive_double_property" requiredType="Double" autoCreated="false" mandatory="false" onParentVersion="COPY" protected="false" multiple="false">
        <valueConstraints/>
      </propertyDefinition>
      <propertyDefinition name="double_property" requiredType="Double" autoCreated="false" mandatory="false" onParentVersion="COPY" protected="false" multiple="false">
        <valueConstraints/>
      </propertyDefinition>
      <propertyDefinition name="primitive_boolean_property" requiredType="Boolean" autoCreated="false" mandatory="false" onParentVersion="COPY" protected="false" multiple="false">
        <valueConstraints/>
      </propertyDefinition>
      <propertyDefinition name="boolean_property" requiredType="Boolean" autoCreated="false" mandatory="false" onParentVersion="COPY" protected="false" multiple="false">
        <valueConstraints/>
      </propertyDefinition>
      <propertyDefinition name="date_property" requiredType="Date" autoCreated="false" mandatory="false" onParentVersion="COPY" protected="false" multiple="false">
        <valueConstraints/>
      </propertyDefinition>
      <propertyDefinition name="bytes_property" requiredType="Binary" autoCreated="false" mandatory="false" onParentVersion="COPY" protected="false" multiple="false">
        <valueConstraints/>
      </propertyDefinition>
    </propertyDefinitions>
  </nodeType>

  <nodeType name="tp_b" isMixin="false" hasOrderableChildNodes="false" primaryItemName="">
    <supertypes>
      <supertype>nt:base</supertype>
      <supertype>mix:referenceable</supertype>
    </supertypes>
    <propertyDefinitions>
      <propertyDefinition name="undefined_property" requiredType="undefined" autoCreated="false" mandatory="false" onParentVersion="COPY" protected="false" multiple="false">
        <valueConstraints/>
      </propertyDefinition>
    </propertyDefinitions>
  </nodeType>

  <nodeType name="tp_c" isMixin="false" hasOrderableChildNodes="false" primaryItemName="">
    <supertypes>
      <supertype>nt:base</supertype>
      <supertype>mix:referenceable</supertype>
    </supertypes>
    <propertyDefinitions>
      <propertyDefinition name="string_array_property" requiredType="String" autoCreated="false" mandatory="false" onParentVersion="COPY" protected="false" multiple="true">
        <valueConstraints/>
      </propertyDefinition>
      <propertyDefinition name="primitive_int_array_property" requiredType="Long" autoCreated="false" mandatory="false" onParentVersion="COPY" protected="false" multiple="true">
        <valueConstraints/>
      </propertyDefinition>
      <propertyDefinition name="int_array_property" requiredType="Long" autoCreated="false" mandatory="false" onParentVersion="COPY" protected="false" multiple="true">
        <valueConstraints/>
      </propertyDefinition>
      <propertyDefinition name="primitive_long_array_property" requiredType="Long" autoCreated="false" mandatory="false" onParentVersion="COPY" protected="false" multiple="true">
        <valueConstraints/>
      </propertyDefinition>
      <propertyDefinition name="long_array_property" requiredType="Long" autoCreated="false" mandatory="false" onParentVersion="COPY" protected="false" multiple="true">
        <valueConstraints/>
      </propertyDefinition>
      <propertyDefinition name="primitive_boolean_array_property" requiredType="Boolean" autoCreated="false" mandatory="false" onParentVersion="COPY" protected="false" multiple="true">
        <valueConstraints/>
      </propertyDefinition>
      <propertyDefinition name="boolean_array_property" requiredType="Boolean" autoCreated="false" mandatory="false" onParentVersion="COPY" protected="false" multiple="true">
        <valueConstraints/>
      </propertyDefinition>
      <propertyDefinition name="date_array_property" requiredType="Date" autoCreated="false" mandatory="false" onParentVersion="COPY" protected="false" multiple="true">
        <valueConstraints/>
      </propertyDefinition>
      <propertyDefinition name="date_array_property" requiredType="Date" autoCreated="false" mandatory="false" onParentVersion="COPY" protected="false" multiple="true">
        <valueConstraints/>
      </propertyDefinition>
    </propertyDefinitions>
  </nodeType>

  <nodeType name="tp_d" isMixin="false" hasOrderableChildNodes="false" primaryItemName="">
    <supertypes>
      <supertype>nt:base</supertype>
      <supertype>mix:referenceable</supertype>
    </supertypes>
    <propertyDefinitions>
      <propertyDefinition name="*" requiredType="undefined" autoCreated="false" mandatory="false" onParentVersion="COPY" protected="false" multiple="false">
        <valueConstraints/>
      </propertyDefinition>
    </propertyDefinitions>
  </nodeType>

  <nodeType name="tp_e" isMixin="false" hasOrderableChildNodes="false" primaryItemName="">
    <supertypes>
      <supertype>nt:base</supertype>
      <supertype>mix:referenceable</supertype>
    </supertypes>
    <propertyDefinitions>
      <propertyDefinition name="*" requiredType="String" autoCreated="false" mandatory="false" onParentVersion="COPY" protected="false" multiple="false">
        <valueConstraints/>
      </propertyDefinition>
    </propertyDefinitions>
  </nodeType>

  <nodeType name="tmi_a" isMixin="false" hasOrderableChildNodes="false" primaryItemName="">
    <supertypes>
      <supertype>nt:base</supertype>
      <supertype>mix:referenceable</supertype>
    </supertypes>
    <propertyDefinitions>
      <propertyDefinition name="*" requiredType="String" autoCreated="false" mandatory="false" onParentVersion="COPY" protected="false" multiple="false">
        <valueConstraints/>
      </propertyDefinition>
    </propertyDefinitions>
  </nodeType>

  <nodeType name="totmr_a" isMixin="false" hasOrderableChildNodes="false" primaryItemName="">
    <supertypes>
      <supertype>nt:base</supertype>
      <supertype>mix:referenceable</supertype>
    </supertypes>
  </nodeType>

  <nodeType name="totmr_b" isMixin="false" hasOrderableChildNodes="false" primaryItemName="">
    <supertypes>
      <supertype>nt:base</supertype>
      <supertype>mix:referenceable</supertype>
    </supertypes>
    <propertyDefinitions>
      <propertyDefinition name="ref" requiredType="Reference" autoCreated="false" mandatory="false" onParentVersion="COPY" protected="false" multiple="false">
        <valueConstraints/>
      </propertyDefinition>
    </propertyDefinitions>
  </nodeType>

  <nodeType name="totmp_a" isMixin="false" hasOrderableChildNodes="false" primaryItemName="">
    <supertypes>
      <supertype>nt:base</supertype>
      <supertype>mix:referenceable</supertype>
    </supertypes>
  </nodeType>

  <nodeType name="totmp_b" isMixin="false" hasOrderableChildNodes="false" primaryItemName="">
    <supertypes>
      <supertype>nt:base</supertype>
      <supertype>mix:referenceable</supertype>
    </supertypes>
    <propertyDefinitions>
      <propertyDefinition name="ref" requiredType="Path" autoCreated="false" mandatory="false" onParentVersion="COPY" protected="false" multiple="false">
        <valueConstraints/>
      </propertyDefinition>
    </propertyDefinitions>
  </nodeType>

  <nodeType name="totop_a" isMixin="false" hasOrderableChildNodes="false" primaryItemName="">
    <supertypes>
      <supertype>nt:base</supertype>
      <supertype>mix:referenceable</supertype>
    </supertypes>
    <childNodeDefinitions>
      <childNodeDefinition name="*" defaultPrimaryType="totop_c" autoCreated="false" mandatory="false"
        onParentVersion="COPY" protected="false" sameNameSiblings="false">
        <requiredPrimaryTypes>
          <requiredPrimaryType>totop_b</requiredPrimaryType>
        </requiredPrimaryTypes>
      </childNodeDefinition>
    </childNodeDefinitions>
  </nodeType>

  <nodeType name="totop_b" isMixin="false" hasOrderableChildNodes="false" primaryItemName="">
    <supertypes>
      <supertype>nt:base</supertype>
      <supertype>mix:referenceable</supertype>
    </supertypes>
  </nodeType>

  <nodeType name="totop_c" isMixin="false" hasOrderableChildNodes="false" primaryItemName="">
    <supertypes>
      <supertype>totop_b</supertype>
    </supertypes>
  </nodeType>

  <nodeType name="totop_d" isMixin="false" hasOrderableChildNodes="false" primaryItemName="">
    <supertypes>
      <supertype>totop_b</supertype>
    </supertypes>
  </nodeType>

  <nodeType name="totmrp_a" isMixin="false" hasOrderableChildNodes="false" primaryItemName="">
    <supertypes>
      <supertype>nt:base</supertype>
      <supertype>mix:referenceable</supertype>
    </supertypes>
  </nodeType>

  <nodeType name="totmrp_c" isMixin="false" hasOrderableChildNodes="false" primaryItemName="">
    <supertypes>
      <supertype>nt:base</supertype>
      <supertype>mix:referenceable</supertype>
    </supertypes>
    <propertyDefinitions>
      <propertyDefinition name="ref" requiredType="Reference" autoCreated="false" mandatory="false" onParentVersion="COPY" protected="false" multiple="false">
        <valueConstraints/>
      </propertyDefinition>
    </propertyDefinitions>
  </nodeType>

  <nodeType name="totmrp_d" isMixin="false" hasOrderableChildNodes="false" primaryItemName="">
    <supertypes>
      <supertype>nt:base</supertype>
      <supertype>mix:referenceable</supertype>
    </supertypes>
    <propertyDefinitions>
      <propertyDefinition name="ref" requiredType="Reference" autoCreated="false" mandatory="false" onParentVersion="COPY" protected="false" multiple="false">
        <valueConstraints/>
      </propertyDefinition>
    </propertyDefinitions>
  </nodeType>

  <nodeType name="tfi_a" isMixin="false" hasOrderableChildNodes="false" primaryItemName="">
    <supertypes>
      <supertype>nt:base</supertype>
      <supertype>mix:referenceable</supertype>
    </supertypes>
    <propertyDefinitions>
      <propertyDefinition name="foo" requiredType="String" autoCreated="false" mandatory="false" onParentVersion="COPY" protected="false" multiple="false">
        <valueConstraints/>
      </propertyDefinition>
    </propertyDefinitions>
  </nodeType>

  <nodeType name="tm_mixin" isMixin="true" hasOrderableChildNodes="false" primaryItemName="">
    <supertypes>
      <supertype>nt:base</supertype>
    </supertypes>
    <propertyDefinitions>
      <propertyDefinition name="value" requiredType="String" autoCreated="false" mandatory="false" onParentVersion="COPY" protected="false" multiple="false">
        <valueConstraints/>
      </propertyDefinition>
    </propertyDefinitions>
  </nodeType>

  <nodeType name="tm_a" isMixin="false" hasOrderableChildNodes="false" primaryItemName="">
    <supertypes>
      <supertype>nt:base</supertype>
      <supertype>mix:referenceable</supertype>
    </supertypes>
  </nodeType>

  <nodeType name="tii_mixin" isMixin="true" hasOrderableChildNodes="false" primaryItemName="">
    <supertypes>
      <supertype>nt:base</supertype>
    </supertypes>
  </nodeType>

  <nodeType name="tii_a" isMixin="false" hasOrderableChildNodes="false" primaryItemName="">
    <supertypes>
      <supertype>nt:base</supertype>
      <supertype>mix:referenceable</supertype>
    </supertypes>
    <propertyDefinitions>
      <propertyDefinition name="string1" requiredType="String" autoCreated="false" mandatory="false" onParentVersion="COPY" protected="false" multiple="false">
        <valueConstraints/>
      </propertyDefinition>
      <propertyDefinition name="string2" requiredType="String" autoCreated="false" mandatory="false" onParentVersion="COPY" protected="false" multiple="false">
        <valueConstraints/>
      </propertyDefinition>
      <propertyDefinition name="strings1" requiredType="String" autoCreated="false" mandatory="false" onParentVersion="COPY" protected="false" multiple="true">
        <valueConstraints/>
      </propertyDefinition>
      <propertyDefinition name="strings2" requiredType="String" autoCreated="false" mandatory="false" onParentVersion="COPY" protected="false" multiple="true">
        <valueConstraints/>
      </propertyDefinition>
    </propertyDefinitions>
  </nodeType>

  <nodeType name="tt_a" isMixin="false" hasOrderableChildNodes="false" primaryItemName="">
    <supertypes>
      <supertype>nt:base</supertype>
      <supertype>mix:referenceable</supertype>
    </supertypes>
    <childNodeDefinitions>
      <childNodeDefinition name="*" defaultPrimaryType="tt_a" autoCreated="false" mandatory="false"
        onParentVersion="COPY" protected="false" sameNameSiblings="false">
        <requiredPrimaryTypes>
          <requiredPrimaryType>tt_a</requiredPrimaryType>
        </requiredPrimaryTypes>
      </childNodeDefinition>
    </childNodeDefinitions>
  </nodeType>

  <nodeType name="tt_b" isMixin="false" hasOrderableChildNodes="false" primaryItemName="">
    <supertypes>
      <supertype>nt:base</supertype>
      <supertype>mix:referenceable</supertype>
    </supertypes>
  </nodeType>

  <nodeType name="tt_c" isMixin="false" hasOrderableChildNodes="false" primaryItemName="">
    <supertypes>
      <supertype>nt:base</supertype>
      <supertype>mix:referenceable</supertype>
    </supertypes>
  </nodeType>

  <nodeType name="tts_a" isMixin="false" hasOrderableChildNodes="false" primaryItemName="">
    <supertypes>
      <supertype>nt:base</supertype>
      <supertype>mix:referenceable</supertype>
    </supertypes>
    <propertyDefinitions>
      <propertyDefinition name="currency" requiredType="String" autoCreated="false" mandatory="false" onParentVersion="COPY" protected="false" multiple="false">
        <valueConstraints/>
      </propertyDefinition>
    </propertyDefinitions>
  </nodeType>

  <nodeType name="format_a" isMixin="false" hasOrderableChildNodes="false" primaryItemName="">
    <supertypes>
      <supertype>nt:base</supertype>
      <supertype>mix:referenceable</supertype>
    </supertypes>
    <childNodeDefinitions>
      <childNodeDefinition name="*" defaultPrimaryType="format_b" autoCreated="false" mandatory="false"
        onParentVersion="COPY" protected="false" sameNameSiblings="false">
        <requiredPrimaryTypes>
          <requiredPrimaryType>format_b</requiredPrimaryType>
        </requiredPrimaryTypes>
      </childNodeDefinition>
    </childNodeDefinitions>
  </nodeType>

  <nodeType name="format_b" isMixin="false" hasOrderableChildNodes="false" primaryItemName="">
    <supertypes>
      <supertype>nt:base</supertype>
      <supertype>mix:referenceable</supertype>
    </supertypes>
  </nodeType>

  <nodeType name="format_c" isMixin="false" hasOrderableChildNodes="false" primaryItemName="">
    <supertypes>
      <supertype>nt:base</supertype>
      <supertype>mix:referenceable</supertype>
    </supertypes>
    <childNodeDefinitions>
      <childNodeDefinition name="*" defaultPrimaryType="format_b" autoCreated="false" mandatory="false"
        onParentVersion="COPY" protected="false" sameNameSiblings="false">
        <requiredPrimaryTypes>
          <requiredPrimaryType>format_b</requiredPrimaryType>
        </requiredPrimaryTypes>
      </childNodeDefinition>
    </childNodeDefinitions>
  </nodeType>

  <nodeType name="embedded_a" isMixin="false" hasOrderableChildNodes="false" primaryItemName="">
    <supertypes>
      <supertype>nt:base</supertype>
      <supertype>mix:referenceable</supertype>
    </supertypes>
  </nodeType>

  <nodeType name="embedded_b" isMixin="false" hasOrderableChildNodes="false" primaryItemName="">
    <supertypes>
      <supertype>nt:base</supertype>
      <supertype>mix:referenceable</supertype>
      <supertype>embedded_c</supertype>
    </supertypes>
  </nodeType>

  <nodeType name="embedded_c" isMixin="true" hasOrderableChildNodes="false" primaryItemName="">
    <supertypes>
      <supertype>nt:base</supertype>
    </supertypes>
  </nodeType>

  <nodeType name="invalidation_a" isMixin="false" hasOrderableChildNodes="false" primaryItemName="">
    <supertypes>
      <supertype>nt:base</supertype>
      <supertype>mix:referenceable</supertype>
    </supertypes>
    <propertyDefinitions>
      <propertyDefinition name="foo" requiredType="String" autoCreated="false" mandatory="false" onParentVersion="COPY" protected="false" multiple="false">
        <valueConstraints/>
      </propertyDefinition>
    </propertyDefinitions>
    <childNodeDefinitions>
      <childNodeDefinition name="*" defaultPrimaryType="invalidation_a" autoCreated="false" mandatory="false"
        onParentVersion="COPY" protected="false" sameNameSiblings="false">
        <requiredPrimaryTypes>
          <requiredPrimaryType>invalidation_a</requiredPrimaryType>
        </requiredPrimaryTypes>
      </childNodeDefinition>
    </childNodeDefinitions>
  </nodeType>

</nodeTypes>
  