<!--
  ~ Copyright (C) 2003-2009 eXo Platform SAS.
  ~
  ~ This is free software; you can redistribute it and/or modify it
  ~ under the terms of the GNU Lesser General Public License as
  ~ published by the Free Software Foundation; either version 2.1 of
  ~ the License, or (at your option) any later version.
  ~
  ~ This software is distributed in the hope that it will be useful,
  ~ but WITHOUT ANY WARRANTY; without even the implied warranty of
  ~ MERCHANTABILITY or FITNESS FOR A PARTICULAR PURPOSE. See the GNU
  ~ Lesser General Public License for more details.
  ~
  ~ You should have received a copy of the GNU Lesser General Public
  ~ License along with this software; if not, write to the Free
  ~ Software Foundation, Inc., 51 Franklin St, Fifth Floor, Boston, MA
  ~ 02110-1301 USA, or see the FSF site: http://www.fsf.org.
  -->

<nodeTypes xmlns:nt="http://www.jcp.org/jcr/nt/1.0" xmlns:mix="http://www.jcp.org/jcr/mix/1.0" xmlns:jcr="http://www.jcp.org/jcr/1.0">

  <nodeType name="tp_a" isMixin="false" hasOrderableChildNodes="false" primaryItemName="">
    <supertypes>
      <supertype>nt:base</supertype>
      <supertype>mix:referenceable</supertype>
    </supertypes>
    <propertyDefinitions>
      <propertyDefinition name="string_property" requiredType="String" autoCreated="false" mandatory="false" onParentVersion="COPY" protected="false" multiple="false">
        <valueConstraints/>
      </propertyDefinition>
      <propertyDefinition name="path_property" requiredType="Path" autoCreated="false" mandatory="false" onParentVersion="COPY" protected="false" multiple="false">
        <valueConstraints/>
      </propertyDefinition>
      <propertyDefinition name="primitive_int_property" requiredType="Long" autoCreated="false" mandatory="false" onParentVersion="COPY" protected="false" multiple="false">
        <valueConstraints/>
      </propertyDefinition>
      <propertyDefinition name="int_property" requiredType="Long" autoCreated="false" mandatory="false" onParentVersion="COPY" protected="false" multiple="false">
        <valueConstraints/>
      </propertyDefinition>
      <propertyDefinition name="primitive_long_property" requiredType="Long" autoCreated="false" mandatory="false" onParentVersion="COPY" protected="false" multiple="false">
        <valueConstraints/>
      </propertyDefinition>
      <propertyDefinition name="long_property" requiredType="Long" autoCreated="false" mandatory="false" onParentVersion="COPY" protected="false" multiple="false">
        <valueConstraints/>
      </propertyDefinition>
      <propertyDefinition name="primitive_double_property" requiredType="Double" autoCreated="false" mandatory="false" onParentVersion="COPY" protected="false" multiple="false">
        <valueConstraints/>
      </propertyDefinition>
      <propertyDefinition name="double_property" requiredType="Double" autoCreated="false" mandatory="false" onParentVersion="COPY" protected="false" multiple="false">
        <valueConstraints/>
      </propertyDefinition>
      <propertyDefinition name="primitive_boolean_property" requiredType="Boolean" autoCreated="false" mandatory="false" onParentVersion="COPY" protected="false" multiple="false">
        <valueConstraints/>
      </propertyDefinition>
      <propertyDefinition name="boolean_property" requiredType="Boolean" autoCreated="false" mandatory="false" onParentVersion="COPY" protected="false" multiple="false">
        <valueConstraints/>
      </propertyDefinition>
      <propertyDefinition name="date_property" requiredType="Date" autoCreated="false" mandatory="false" onParentVersion="COPY" protected="false" multiple="false">
        <valueConstraints/>
      </propertyDefinition>
      <propertyDefinition name="bytes_property" requiredType="Binary" autoCreated="false" mandatory="false" onParentVersion="COPY" protected="false" multiple="false">
        <valueConstraints/>
      </propertyDefinition>
    </propertyDefinitions>
  </nodeType>

  <nodeType name="tp_c" isMixin="false" hasOrderableChildNodes="false" primaryItemName="">
    <supertypes>
      <supertype>nt:base</supertype>
      <supertype>mix:referenceable</supertype>
    </supertypes>
    <propertyDefinitions>
      <propertyDefinition name="string_array_property" requiredType="String" autoCreated="false" mandatory="false" onParentVersion="COPY" protected="false" multiple="true">
        <valueConstraints/>
      </propertyDefinition>
      <propertyDefinition name="primitive_int_array_property" requiredType="Long" autoCreated="false" mandatory="false" onParentVersion="COPY" protected="false" multiple="true">
        <valueConstraints/>
      </propertyDefinition>
      <propertyDefinition name="int_array_property" requiredType="Long" autoCreated="false" mandatory="false" onParentVersion="COPY" protected="false" multiple="true">
        <valueConstraints/>
      </propertyDefinition>
      <propertyDefinition name="primitive_long_array_property" requiredType="Long" autoCreated="false" mandatory="false" onParentVersion="COPY" protected="false" multiple="true">
        <valueConstraints/>
      </propertyDefinition>
      <propertyDefinition name="long_array_property" requiredType="Long" autoCreated="false" mandatory="false" onParentVersion="COPY" protected="false" multiple="true">
        <valueConstraints/>
      </propertyDefinition>
      <propertyDefinition name="primitive_boolean_array_property" requiredType="Boolean" autoCreated="false" mandatory="false" onParentVersion="COPY" protected="false" multiple="true">
        <valueConstraints/>
      </propertyDefinition>
      <propertyDefinition name="boolean_array_property" requiredType="Boolean" autoCreated="false" mandatory="false" onParentVersion="COPY" protected="false" multiple="true">
        <valueConstraints/>
      </propertyDefinition>
      <propertyDefinition name="date_array_property" requiredType="Date" autoCreated="false" mandatory="false" onParentVersion="COPY" protected="false" multiple="true">
        <valueConstraints/>
      </propertyDefinition>
      <propertyDefinition name="date_array_property" requiredType="Date" autoCreated="false" mandatory="false" onParentVersion="COPY" protected="false" multiple="true">
        <valueConstraints/>
      </propertyDefinition>
    </propertyDefinitions>
  </nodeType>

</nodeTypes>
  